<?xml version="1.0" encoding="UTF-8"?>
<!-- Generated by org.testng.reporters.JUnitXMLReporter -->
<testsuite ignored="4" hostname="DESKTOP-16K4T19" failures="0" tests="4" name="Test" time="137.844" errors="0" timestamp="2023-03-28T19:02:38 IST">
  <testcase classname="TestCases.VerifyRegister" name="verify" time="11.644"/>
  <testcase classname="TestCases.VerifyBankingAccount" name="verify" time="76.413"/>
  <testcase classname="TestCases.VerifyLogin" name="verify" time="10.706"/>
  <testcase classname="TestCases.VerifyLogin" name="verify" time="7.708"/>
  <testcase classname="Resourses.BAseClass" name="@AfterSuite aftersuite" time="0.0">
    <ignored/>
  </testcase> <!-- @AfterSuite aftersuite -->
  <testcase classname="Resourses.BAseClass" name="@AfterSuite aftersuite" time="0.0">
    <ignored/>
  </testcase> <!-- @AfterSuite aftersuite -->
  <testcase classname="Resourses.BAseClass" name="@BeforeSuite beforesuite" time="0.0">
    <ignored/>
  </testcase> <!-- @BeforeSuite beforesuite -->
  <testcase classname="Resourses.BAseClass" name="@BeforeSuite beforesuite" time="0.0">
    <ignored/>
  </testcase> <!-- @BeforeSuite beforesuite -->
</testsuite> <!-- Test -->
