<?xml version="1.0" encoding="UTF-8"?>
<!-- Generated by org.testng.reporters.JUnitXMLReporter -->
<testsuite ignored="4" hostname="DESKTOP-16K4T19" failures="0" tests="4" name="Test" time="110.494" errors="0" timestamp="2023-03-29T03:55:45 IST">
  <testcase classname="TestCases.VerifyRegister" name="verifyregister" time="8.493"/>
  <testcase classname="TestCases.VerifyBankingAccount" name="verifyaccount" time="60.88"/>
  <testcase classname="TestCases.VerifyLogin" name="verifylogin" time="6.482"/>
  <testcase classname="TestCases.VerifyLogin" name="verifylogin" time="7.146"/>
  <testcase classname="Resourses.BAseClass" name="@AfterSuite aftersuite" time="0.0">
    <ignored/>
  </testcase> <!-- @AfterSuite aftersuite -->
  <testcase classname="Resourses.BAseClass" name="@BeforeSuite beforesuite" time="0.0">
    <ignored/>
  </testcase> <!-- @BeforeSuite beforesuite -->
  <testcase classname="Resourses.BAseClass" name="@BeforeSuite beforesuite" time="0.0">
    <ignored/>
  </testcase> <!-- @BeforeSuite beforesuite -->
  <testcase classname="Resourses.BAseClass" name="@AfterSuite aftersuite" time="0.0">
    <ignored/>
  </testcase> <!-- @AfterSuite aftersuite -->
</testsuite> <!-- Test -->
