<?xml version="1.0" encoding="UTF-8"?>
<testng-results ignored="4" total="8" passed="4" failed="0" skipped="0">
  <reporter-output>
  </reporter-output>
  <suite started-at="2023-03-28T19:00:20 IST" name="Suite" finished-at="2023-03-28T19:02:38 IST" duration-ms="137844">
    <groups>
    </groups>
    <test started-at="2023-03-28T19:00:20 IST" name="Test" finished-at="2023-03-28T19:02:38 IST" duration-ms="137844">
      <class name="TestCases.VerifyBankingAccount">
        <test-method is-config="true" signature="openurl()[pri:0, instance:TestCases.VerifyBankingAccount@33d512c1]" started-at="2023-03-28T19:00:39 IST" name="openurl" finished-at="2023-03-28T19:00:44 IST" duration-ms="5461" status="PASS">
          <reporter-output>
          </reporter-output>
        </test-method> <!-- openurl -->
        <test-method signature="verify()[pri:0, instance:TestCases.VerifyBankingAccount@33d512c1]" started-at="2023-03-28T19:00:44 IST" name="verify" finished-at="2023-03-28T19:02:01 IST" duration-ms="76413" status="PASS">
          <reporter-output>
          </reporter-output>
        </test-method> <!-- verify -->
        <test-method is-config="true" signature="teardown()[pri:0, instance:TestCases.VerifyBankingAccount@33d512c1]" started-at="2023-03-28T19:02:01 IST" name="teardown" finished-at="2023-03-28T19:02:01 IST" duration-ms="131" status="PASS">
          <reporter-output>
          </reporter-output>
        </test-method> <!-- teardown -->
      </class> <!-- TestCases.VerifyBankingAccount -->
      <class name="TestCases.VerifyRegister">
        <test-method is-config="true" signature="beforesuite()[pri:0, instance:TestCases.VerifyRegister@34123d65]" started-at="2023-03-28T19:00:19 IST" name="beforesuite" finished-at="2023-03-28T19:00:20 IST" duration-ms="337" status="PASS">
          <reporter-output>
          </reporter-output>
        </test-method> <!-- beforesuite -->
        <test-method is-config="true" signature="openurl()[pri:0, instance:TestCases.VerifyRegister@34123d65]" started-at="2023-03-28T19:00:20 IST" name="openurl" finished-at="2023-03-28T19:00:27 IST" duration-ms="7452" status="PASS">
          <reporter-output>
          </reporter-output>
        </test-method> <!-- openurl -->
        <test-method signature="verify()[pri:0, instance:TestCases.VerifyRegister@34123d65]" started-at="2023-03-28T19:00:27 IST" name="verify" finished-at="2023-03-28T19:00:39 IST" duration-ms="11644" status="PASS">
          <reporter-output>
          </reporter-output>
        </test-method> <!-- verify -->
        <test-method is-config="true" signature="teardown()[pri:0, instance:TestCases.VerifyRegister@34123d65]" started-at="2023-03-28T19:00:39 IST" name="teardown" finished-at="2023-03-28T19:00:39 IST" duration-ms="136" status="PASS">
          <reporter-output>
          </reporter-output>
        </test-method> <!-- teardown -->
        <test-method is-config="true" signature="aftersuite()[pri:0, instance:TestCases.VerifyRegister@34123d65]" started-at="2023-03-28T19:02:38 IST" name="aftersuite" finished-at="2023-03-28T19:02:38 IST" duration-ms="686" status="PASS">
          <reporter-output>
          </reporter-output>
        </test-method> <!-- aftersuite -->
      </class> <!-- TestCases.VerifyRegister -->
      <class name="TestCases.VerifyLogin">
        <test-method is-config="true" signature="openurl()[pri:0, instance:TestCases.VerifyLogin@515c6049]" started-at="2023-03-28T19:02:01 IST" name="openurl" finished-at="2023-03-28T19:02:11 IST" duration-ms="9915" status="PASS">
          <reporter-output>
          </reporter-output>
        </test-method> <!-- openurl -->
        <test-method signature="verify(java.lang.String,java.lang.String)[pri:0, instance:TestCases.VerifyLogin@515c6049]" started-at="2023-03-28T19:02:11 IST" name="verify" data-provider="dataenter" finished-at="2023-03-28T19:02:22 IST" duration-ms="10706" status="PASS">
          <params>
            <param index="0">
              <value>
                <![CDATA[patel9826ravi@gmail.com]]>
              </value>
            </param>
            <param index="1">
              <value>
                <![CDATA[Sumit123@4]]>
              </value>
            </param>
          </params>
          <reporter-output>
          </reporter-output>
        </test-method> <!-- verify -->
        <test-method is-config="true" signature="teardown()[pri:0, instance:TestCases.VerifyLogin@515c6049]" started-at="2023-03-28T19:02:22 IST" name="teardown" finished-at="2023-03-28T19:02:22 IST" duration-ms="171" status="PASS">
          <reporter-output>
          </reporter-output>
        </test-method> <!-- teardown -->
        <test-method is-config="true" signature="openurl()[pri:0, instance:TestCases.VerifyLogin@515c6049]" started-at="2023-03-28T19:02:22 IST" name="openurl" finished-at="2023-03-28T19:02:30 IST" duration-ms="7868" status="PASS">
          <reporter-output>
          </reporter-output>
        </test-method> <!-- openurl -->
        <test-method signature="verify(java.lang.String,java.lang.String)[pri:0, instance:TestCases.VerifyLogin@515c6049]" started-at="2023-03-28T19:02:30 IST" name="verify" data-provider="dataenter" finished-at="2023-03-28T19:02:37 IST" duration-ms="7708" status="PASS">
          <params>
            <param index="0">
              <value>
                <![CDATA[patelanku02@gmail.com]]>
              </value>
            </param>
            <param index="1">
              <value>
                <![CDATA[Sumit123@45]]>
              </value>
            </param>
          </params>
          <reporter-output>
          </reporter-output>
        </test-method> <!-- verify -->
        <test-method is-config="true" signature="teardown()[pri:0, instance:TestCases.VerifyLogin@515c6049]" started-at="2023-03-28T19:02:37 IST" name="teardown" finished-at="2023-03-28T19:02:38 IST" duration-ms="149" status="PASS">
          <reporter-output>
          </reporter-output>
        </test-method> <!-- teardown -->
      </class> <!-- TestCases.VerifyLogin -->
    </test> <!-- Test -->
  </suite> <!-- Suite -->
</testng-results>
