<?xml version="1.0" encoding="UTF-8"?>
<testng-results ignored="0" total="1" passed="1" failed="0" skipped="0">
  <reporter-output>
  </reporter-output>
  <suite started-at="2023-03-26T01:26:13 IST" name="Default suite" finished-at="2023-03-26T01:27:16 IST" duration-ms="62199">
    <groups>
    </groups>
    <test started-at="2023-03-26T01:26:13 IST" name="Default test" finished-at="2023-03-26T01:27:16 IST" duration-ms="62199">
      <class name="TestCases.VerifyBankingAccount">
        <test-method is-config="true" signature="openurl()[pri:0, instance:TestCases.VerifyBankingAccount@79e2c065]" started-at="2023-03-26T01:26:14 IST" name="openurl" finished-at="2023-03-26T01:26:27 IST" duration-ms="13498" status="PASS">
          <reporter-output>
          </reporter-output>
        </test-method> <!-- openurl -->
        <test-method signature="verify()[pri:0, instance:TestCases.VerifyBankingAccount@79e2c065]" started-at="2023-03-26T01:26:27 IST" name="verify" finished-at="2023-03-26T01:27:15 IST" duration-ms="48381" status="PASS">
          <reporter-output>
          </reporter-output>
        </test-method> <!-- verify -->
        <test-method is-config="true" signature="closebrowser()[pri:0, instance:TestCases.VerifyBankingAccount@79e2c065]" started-at="2023-03-26T01:27:15 IST" name="closebrowser" finished-at="2023-03-26T01:27:16 IST" duration-ms="198" status="PASS">
          <reporter-output>
          </reporter-output>
        </test-method> <!-- closebrowser -->
      </class> <!-- TestCases.VerifyBankingAccount -->
    </test> <!-- Default test -->
  </suite> <!-- Default suite -->
</testng-results>
